<?xml version="1.0" encoding="utf-8"?><testsuites name="pytest tests"><testsuite name="pytest" errors="0" failures="8" skipped="0" tests="18" time="6.841" timestamp="2026-01-22T15:07:33.453030+00:00" hostname="agent-env-018ac81a-300f-4c99-9457-cc3f97469e9a"><testcase classname="backend.tests.test_admin_diagnostics_areas.TestHealthAndBasicEndpoints" name="test_health_endpoint" time="0.105" /><testcase classname="backend.tests.test_admin_diagnostics_areas.TestHealthAndBasicEndpoints" name="test_visibility_status_endpoint" time="0.049" /><testcase classname="backend.tests.test_admin_diagnostics_areas.TestCNPQAreasFromDatabase" name="test_get_grande_areas" time="0.037" /><testcase classname="backend.tests.test_admin_diagnostics_areas.TestCNPQAreasFromDatabase" name="test_get_areas_by_grande_area" time="0.091" /><testcase classname="backend.tests.test_admin_diagnostics_areas.TestCNPQAreasFromDatabase" name="test_get_subareas_by_area" time="0.115" /><testcase classname="backend.tests.test_admin_diagnostics_areas.TestAdminDiagnosticsEndpoint" name="test_diagnostics_endpoint_requires_auth" time="0.074" /><testcase classname="backend.tests.test_admin_diagnostics_areas.TestAdminDiagnosticsEndpoint" name="test_diagnostics_endpoint_returns_data" time="0.740"><failure message="assert 401 == 200&#10; +  where 401 = &lt;Response [401]&gt;.status_code">backend/tests/test_admin_diagnostics_areas.py:178: in test_diagnostics_endpoint_returns_data
    assert response.status_code == 200
E   assert 401 == 200
E    +  where 401 = &lt;Response [401]&gt;.status_code</failure></testcase><testcase classname="backend.tests.test_admin_diagnostics_areas.TestAdminAreasCRUD" name="test_get_admin_areas" time="0.733"><failure message="assert 401 == 200&#10; +  where 401 = &lt;Response [401]&gt;.status_code">backend/tests/test_admin_diagnostics_areas.py:281: in test_get_admin_areas
    assert response.status_code == 200
E   assert 401 == 200
E    +  where 401 = &lt;Response [401]&gt;.status_code</failure></testcase><testcase classname="backend.tests.test_admin_diagnostics_areas.TestAdminAreasCRUD" name="test_create_area" time="0.757"><failure message="assert 401 == 200&#10; +  where 401 = &lt;Response [401]&gt;.status_code">backend/tests/test_admin_diagnostics_areas.py:321: in test_create_area
    assert response.status_code == 200
E   assert 401 == 200
E    +  where 401 = &lt;Response [401]&gt;.status_code</failure></testcase><testcase classname="backend.tests.test_admin_diagnostics_areas.TestAdminAreasCRUD" name="test_update_area" time="0.792"><failure message="assert 401 == 200&#10; +  where 401 = &lt;Response [401]&gt;.status_code">backend/tests/test_admin_diagnostics_areas.py:361: in test_update_area
    assert response.status_code == 200
E   assert 401 == 200
E    +  where 401 = &lt;Response [401]&gt;.status_code</failure></testcase><testcase classname="backend.tests.test_admin_diagnostics_areas.TestAdminAreasCRUD" name="test_delete_area_soft_delete" time="0.762"><failure message="assert 401 == 200&#10; +  where 401 = &lt;Response [401]&gt;.status_code">backend/tests/test_admin_diagnostics_areas.py:392: in test_delete_area_soft_delete
    assert response.status_code == 200
E   assert 401 == 200
E    +  where 401 = &lt;Response [401]&gt;.status_code</failure></testcase><testcase classname="backend.tests.test_admin_diagnostics_areas.TestThresholdVisibility" name="test_analytics_overview_public" time="0.043" /><testcase classname="backend.tests.test_admin_diagnostics_areas.TestThresholdVisibility" name="test_analytics_publishers" time="0.038" /><testcase classname="backend.tests.test_admin_diagnostics_areas.TestThresholdVisibility" name="test_analytics_journals" time="0.040" /><testcase classname="backend.tests.test_admin_diagnostics_areas.TestThresholdVisibility" name="test_analytics_areas" time="0.041" /><testcase classname="backend.tests.test_admin_diagnostics_areas.TestAdminSettings" name="test_get_admin_settings" time="0.748"><failure message="assert 401 == 200&#10; +  where 401 = &lt;Response [401]&gt;.status_code">backend/tests/test_admin_diagnostics_areas.py:510: in test_get_admin_settings
    assert response.status_code == 200
E   assert 401 == 200
E    +  where 401 = &lt;Response [401]&gt;.status_code</failure></testcase><testcase classname="backend.tests.test_admin_diagnostics_areas.TestAdminSettings" name="test_get_data_stats" time="0.761"><failure message="assert 401 == 200&#10; +  where 401 = &lt;Response [401]&gt;.status_code">backend/tests/test_admin_diagnostics_areas.py:531: in test_get_data_stats
    assert response.status_code == 200
E   assert 401 == 200
E    +  where 401 = &lt;Response [401]&gt;.status_code</failure></testcase><testcase classname="backend.tests.test_admin_diagnostics_areas.TestDataIntegrity" name="test_diagnostics_shows_correct_counts" time="0.768"><failure message="assert 401 == 200&#10; +  where 401 = &lt;Response [401]&gt;.status_code">backend/tests/test_admin_diagnostics_areas.py:610: in test_diagnostics_shows_correct_counts
    assert response.status_code == 200
E   assert 401 == 200
E    +  where 401 = &lt;Response [401]&gt;.status_code</failure></testcase></testsuite></testsuites>