<?xml version="1.0" encoding="utf-8"?><testsuites name="pytest tests"><testsuite name="pytest" errors="0" failures="0" skipped="0" tests="9" time="0.655" timestamp="2026-01-22T16:44:31.180934+00:00" hostname="agent-env-018ac81a-300f-4c99-9457-cc3f97469e9a"><testcase classname="tests.test_auth_visibility_fixes.TestAuthEndpoints" name="test_health_check" time="0.071" /><testcase classname="tests.test_auth_visibility_fixes.TestAuthEndpoints" name="test_auth_me_returns_is_admin_field" time="0.038" /><testcase classname="tests.test_auth_visibility_fixes.TestAuthEndpoints" name="test_session_endpoint_exists" time="0.139" /><testcase classname="tests.test_auth_visibility_fixes.TestVisibilityStatus" name="test_visibility_status_endpoint" time="0.076" /><testcase classname="tests.test_auth_visibility_fixes.TestVisibilityStatus" name="test_analytics_overview_returns_visibility_restricted" time="0.088" /><testcase classname="tests.test_auth_visibility_fixes.TestVisibilityStatus" name="test_analytics_overview_structure_when_restricted" time="0.046" /><testcase classname="tests.test_auth_visibility_fixes.TestI18nTranslations" name="test_translations_file_structure" time="0.000" /><testcase classname="tests.test_auth_visibility_fixes.TestAdminSettings" name="test_admin_settings_requires_auth" time="0.037" /><testcase classname="tests.test_auth_visibility_fixes.TestAdminSettings" name="test_admin_settings_update_requires_auth" time="0.038" /></testsuite></testsuites>