<?xml version="1.0" encoding="utf-8"?><testsuites name="pytest tests"><testsuite name="pytest" errors="0" failures="0" skipped="0" tests="26" time="1.514" timestamp="2026-01-22T14:07:48.299638+00:00" hostname="agent-env-018ac81a-300f-4c99-9457-cc3f97469e9a"><testcase classname="tests.test_cnpq_hierarchical_areas.TestCNPqGrandeAreas" name="test_get_grande_areas_returns_9_items" time="0.079" /><testcase classname="tests.test_cnpq_hierarchical_areas.TestCNPqGrandeAreas" name="test_grande_areas_have_correct_structure" time="0.037" /><testcase classname="tests.test_cnpq_hierarchical_areas.TestCNPqGrandeAreas" name="test_grande_areas_codes_are_1_to_9" time="0.033" /><testcase classname="tests.test_cnpq_hierarchical_areas.TestCNPqGrandeAreas" name="test_grande_area_1_is_ciencias_exatas" time="0.038" /><testcase classname="tests.test_cnpq_hierarchical_areas.TestCNPqAreas" name="test_get_areas_for_grande_area_1" time="0.039" /><testcase classname="tests.test_cnpq_hierarchical_areas.TestCNPqAreas" name="test_areas_have_correct_structure" time="0.038" /><testcase classname="tests.test_cnpq_hierarchical_areas.TestCNPqAreas" name="test_area_codes_follow_pattern" time="0.035" /><testcase classname="tests.test_cnpq_hierarchical_areas.TestCNPqAreas" name="test_area_1_01_is_matematica" time="0.038" /><testcase classname="tests.test_cnpq_hierarchical_areas.TestCNPqAreas" name="test_invalid_grande_area_returns_404" time="0.038" /><testcase classname="tests.test_cnpq_hierarchical_areas.TestCNPqAreas" name="test_get_areas_for_all_grande_areas" time="0.322" /><testcase classname="tests.test_cnpq_hierarchical_areas.TestCNPqSubareas" name="test_get_subareas_for_area_1_01" time="0.082" /><testcase classname="tests.test_cnpq_hierarchical_areas.TestCNPqSubareas" name="test_subareas_have_correct_structure" time="0.032" /><testcase classname="tests.test_cnpq_hierarchical_areas.TestCNPqSubareas" name="test_subarea_codes_follow_pattern" time="0.033" /><testcase classname="tests.test_cnpq_hierarchical_areas.TestCNPqSubareas" name="test_subarea_1_01_01_is_algebra" time="0.036" /><testcase classname="tests.test_cnpq_hierarchical_areas.TestCNPqSubareas" name="test_area_without_subareas_returns_empty_list" time="0.035" /><testcase classname="tests.test_cnpq_hierarchical_areas.TestCNPqSubareas" name="test_invalid_area_returns_empty_list" time="0.034" /><testcase classname="tests.test_cnpq_hierarchical_areas.TestCNPqLookup" name="test_lookup_grande_area" time="0.046" /><testcase classname="tests.test_cnpq_hierarchical_areas.TestCNPqLookup" name="test_lookup_area" time="0.038" /><testcase classname="tests.test_cnpq_hierarchical_areas.TestCNPqLookup" name="test_lookup_subarea" time="0.033" /><testcase classname="tests.test_cnpq_hierarchical_areas.TestCNPqLookup" name="test_lookup_invalid_code_returns_404" time="0.032" /><testcase classname="tests.test_cnpq_hierarchical_areas.TestSubmissionWithHierarchicalAreas" name="test_submission_with_hierarchical_areas" time="0.055" /><testcase classname="tests.test_cnpq_hierarchical_areas.TestSubmissionWithHierarchicalAreas" name="test_submission_without_subarea_is_valid" time="0.076" /><testcase classname="tests.test_cnpq_hierarchical_areas.TestConditionalFieldsValidation" name="test_apc_for_non_open_access_flagged" time="0.038" /><testcase classname="tests.test_cnpq_hierarchical_areas.TestConditionalFieldsValidation" name="test_editor_quality_without_comments_flagged" time="0.036" /><testcase classname="tests.test_cnpq_hierarchical_areas.TestValidationLogic" name="test_complete_valid_submission" time="0.039" /><testcase classname="tests.test_cnpq_hierarchical_areas.TestLegacyScientificAreaCompatibility" name="test_legacy_scientific_areas_endpoint" time="0.033" /></testsuite></testsuites>