<?xml version="1.0" encoding="utf-8"?><testsuites name="pytest tests"><testsuite name="pytest" errors="0" failures="0" skipped="0" tests="22" time="1.092" timestamp="2026-01-22T14:46:25.871518+00:00" hostname="agent-env-018ac81a-300f-4c99-9457-cc3f97469e9a"><testcase classname="tests.test_i18n_conditional_visibility.TestCNPQHierarchicalAreas" name="test_get_grande_areas" time="0.072" /><testcase classname="tests.test_i18n_conditional_visibility.TestCNPQHierarchicalAreas" name="test_get_areas_for_grande_area" time="0.038" /><testcase classname="tests.test_i18n_conditional_visibility.TestCNPQHierarchicalAreas" name="test_get_subareas_for_area" time="0.034" /><testcase classname="tests.test_i18n_conditional_visibility.TestCNPQHierarchicalAreas" name="test_invalid_grande_area_returns_404_or_empty" time="0.039" /><testcase classname="tests.test_i18n_conditional_visibility.TestFormOptions" name="test_manuscript_types" time="0.036" /><testcase classname="tests.test_i18n_conditional_visibility.TestFormOptions" name="test_decision_types" time="0.035" /><testcase classname="tests.test_i18n_conditional_visibility.TestFormOptions" name="test_reviewer_counts" time="0.037" /><testcase classname="tests.test_i18n_conditional_visibility.TestFormOptions" name="test_time_ranges" time="0.045" /><testcase classname="tests.test_i18n_conditional_visibility.TestFormOptions" name="test_apc_ranges" time="0.039" /><testcase classname="tests.test_i18n_conditional_visibility.TestFormOptions" name="test_editor_comment_types" time="0.035" /><testcase classname="tests.test_i18n_conditional_visibility.TestFormOptions" name="test_review_quality_scale" time="0.040" /><testcase classname="tests.test_i18n_conditional_visibility.TestFormOptions" name="test_feedback_clarity_scale" time="0.034" /><testcase classname="tests.test_i18n_conditional_visibility.TestFormOptions" name="test_decision_fairness_options" time="0.038" /><testcase classname="tests.test_i18n_conditional_visibility.TestFormOptions" name="test_would_recommend_options" time="0.039" /><testcase classname="tests.test_i18n_conditional_visibility.TestVisibilityStatus" name="test_visibility_status" time="0.040" /><testcase classname="tests.test_i18n_conditional_visibility.TestAnalyticsEndpoints" name="test_analytics_overview" time="0.053" /><testcase classname="tests.test_i18n_conditional_visibility.TestAnalyticsEndpoints" name="test_analytics_publishers" time="0.046" /><testcase classname="tests.test_i18n_conditional_visibility.TestAnalyticsEndpoints" name="test_analytics_journals" time="0.094" /><testcase classname="tests.test_i18n_conditional_visibility.TestAnalyticsEndpoints" name="test_analytics_areas" time="0.039" /><testcase classname="tests.test_i18n_conditional_visibility.TestPublishersAndJournals" name="test_get_publishers" time="0.043" /><testcase classname="tests.test_i18n_conditional_visibility.TestPublishersAndJournals" name="test_get_journals_for_publisher" time="0.076" /><testcase classname="tests.test_i18n_conditional_visibility.TestHealthCheck" name="test_health" time="0.046" /></testsuite></testsuites>