<?xml version="1.0" encoding="utf-8"?><testsuites name="pytest tests"><testsuite name="pytest" errors="0" failures="0" skipped="0" tests="11" time="0.704" timestamp="2026-01-21T20:04:09.801358+00:00" hostname="agent-env-596edecf-9c8a-4d64-ac0e-ec41f49494c4"><testcase classname="tests.test_orcid_auth.TestOrcidOAuthEndpoints" name="test_orcid_status_endpoint_returns_configured" time="0.059" /><testcase classname="tests.test_orcid_auth.TestOrcidOAuthEndpoints" name="test_orcid_authorize_returns_valid_url" time="0.038" /><testcase classname="tests.test_orcid_auth.TestOrcidOAuthEndpoints" name="test_orcid_authorize_with_custom_redirect" time="0.046" /><testcase classname="tests.test_orcid_auth.TestOrcidOAuthEndpoints" name="test_orcid_callback_requires_code" time="0.040" /><testcase classname="tests.test_orcid_auth.TestHealthAndBasicEndpoints" name="test_health_endpoint" time="0.039" /><testcase classname="tests.test_orcid_auth.TestHealthAndBasicEndpoints" name="test_root_endpoint" time="0.036" /><testcase classname="tests.test_orcid_auth.TestAuthEndpoints" name="test_auth_me_requires_authentication" time="0.043" /><testcase classname="tests.test_orcid_auth.TestAuthEndpoints" name="test_logout_endpoint" time="0.036" /><testcase classname="tests.test_orcid_auth.TestAnalyticsEndpoints" name="test_analytics_overview" time="0.065" /><testcase classname="tests.test_orcid_auth.TestAnalyticsEndpoints" name="test_analytics_publishers" time="0.055" /><testcase classname="tests.test_orcid_auth.TestAnalyticsEndpoints" name="test_analytics_journals" time="0.066" /></testsuite></testsuites>