<?xml version="1.0" encoding="utf-8"?><testsuites name="pytest tests"><testsuite name="pytest" errors="0" failures="0" skipped="0" tests="14" time="1.364" timestamp="2026-01-22T13:36:19.285539+00:00" hostname="agent-env-596edecf-9c8a-4d64-ac0e-ec41f49494c4"><testcase classname="tests.test_quality_assessment.TestQualityOptionsEndpoints" name="test_review_quality_scale_endpoint" time="0.074" /><testcase classname="tests.test_quality_assessment.TestQualityOptionsEndpoints" name="test_feedback_clarity_scale_endpoint" time="0.032" /><testcase classname="tests.test_quality_assessment.TestQualityOptionsEndpoints" name="test_decision_fairness_endpoint" time="0.042" /><testcase classname="tests.test_quality_assessment.TestQualityOptionsEndpoints" name="test_would_recommend_endpoint" time="0.040" /><testcase classname="tests.test_quality_assessment.TestQualityIndicesInAnalytics" name="test_analytics_overview_includes_quality_indices" time="0.125" /><testcase classname="tests.test_quality_assessment.TestQualityIndicesInAnalytics" name="test_average_review_quality_index" time="0.130" /><testcase classname="tests.test_quality_assessment.TestQualityIndicesInAnalytics" name="test_feedback_clarity_index" time="0.130" /><testcase classname="tests.test_quality_assessment.TestQualityIndicesInAnalytics" name="test_decision_fairness_index" time="0.121" /><testcase classname="tests.test_quality_assessment.TestQualityIndicesInAnalytics" name="test_recommendation_index" time="0.118" /><testcase classname="tests.test_quality_assessment.TestSubmissionWithQualityFields" name="test_submission_accepts_quality_fields" time="0.037" /><testcase classname="tests.test_quality_assessment.TestValidForStatsValidation" name="test_duplicate_submission_flagged" time="0.080" /><testcase classname="tests.test_quality_assessment.TestVisibilityMessages" name="test_user_only_mode_message" time="0.109" /><testcase classname="tests.test_quality_assessment.TestVisibilityMessages" name="test_threshold_based_mode_message" time="0.074" /><testcase classname="tests.test_quality_assessment.TestSampleDataQualityFields" name="test_sample_data_has_quality_fields" time="0.116" /></testsuite></testsuites>