<?xml version="1.0" encoding="utf-8"?><testsuites name="pytest tests"><testsuite name="pytest" errors="0" failures="0" skipped="0" tests="28" time="1.456" timestamp="2026-01-22T12:16:59.284903+00:00" hostname="agent-env-596edecf-9c8a-4d64-ac0e-ec41f49494c4"><testcase classname="tests.test_visibility_system.TestVisibilityStatusEndpoint" name="test_visibility_status_returns_mode" time="0.061" /><testcase classname="tests.test_visibility_system.TestVisibilityStatusEndpoint" name="test_visibility_status_returns_public_stats_flag" time="0.045" /><testcase classname="tests.test_visibility_system.TestVisibilityStatusEndpoint" name="test_visibility_status_returns_demo_mode_flag" time="0.042" /><testcase classname="tests.test_visibility_system.TestVisibilityStatusEndpoint" name="test_visibility_status_returns_message" time="0.035" /><testcase classname="tests.test_visibility_system.TestAnalyticsOverviewVisibility" name="test_overview_returns_visibility_restricted_flag" time="0.041" /><testcase classname="tests.test_visibility_system.TestAnalyticsOverviewVisibility" name="test_overview_returns_total_submissions" time="0.043" /><testcase classname="tests.test_visibility_system.TestAdminSettingsEndpoint" name="test_get_settings_requires_auth" time="0.041" /><testcase classname="tests.test_visibility_system.TestAdminSettingsEndpoint" name="test_get_settings_requires_admin" time="0.033" /><testcase classname="tests.test_visibility_system.TestAdminSettingsEndpoint" name="test_get_settings_returns_all_fields" time="0.045" /><testcase classname="tests.test_visibility_system.TestAdminSettingsEndpoint" name="test_update_visibility_mode_user_only" time="0.044" /><testcase classname="tests.test_visibility_system.TestAdminSettingsEndpoint" name="test_update_visibility_mode_threshold_based" time="0.034" /><testcase classname="tests.test_visibility_system.TestAdminSettingsEndpoint" name="test_update_visibility_mode_admin_forced" time="0.042" /><testcase classname="tests.test_visibility_system.TestAdminSettingsEndpoint" name="test_update_invalid_visibility_mode" time="0.041" /><testcase classname="tests.test_visibility_system.TestAdminSettingsEndpoint" name="test_toggle_public_stats_enabled" time="0.067" /><testcase classname="tests.test_visibility_system.TestAdminSettingsEndpoint" name="test_toggle_demo_mode_enabled" time="0.056" /><testcase classname="tests.test_visibility_system.TestAdminDataStatsEndpoint" name="test_data_stats_requires_admin" time="0.038" /><testcase classname="tests.test_visibility_system.TestAdminDataStatsEndpoint" name="test_data_stats_returns_submission_breakdown" time="0.041" /><testcase classname="tests.test_visibility_system.TestAdminDataStatsEndpoint" name="test_data_stats_returns_user_breakdown" time="0.045" /><testcase classname="tests.test_visibility_system.TestAdminPurgeSampleData" name="test_purge_requires_admin" time="0.037" /><testcase classname="tests.test_visibility_system.TestAdminPurgeSampleData" name="test_purge_endpoint_exists" time="0.041" /><testcase classname="tests.test_visibility_system.TestUserInsightsEndpoint" name="test_insights_requires_auth" time="0.037" /><testcase classname="tests.test_visibility_system.TestUserInsightsEndpoint" name="test_insights_returns_data_for_admin" time="0.037" /><testcase classname="tests.test_visibility_system.TestNewUserTrustScore" name="test_auth_me_returns_trust_score" time="0.037" /><testcase classname="tests.test_visibility_system.TestNewUserTrustScore" name="test_auth_me_returns_trust_score_visible_flag" time="0.035" /><testcase classname="tests.test_visibility_system.TestAdminStats" name="test_admin_stats_includes_sample_breakdown" time="0.039" /><testcase classname="tests.test_visibility_system.TestVisibilityModeEffects" name="test_user_only_mode_restricts_analytics" time="0.050" /><testcase classname="tests.test_visibility_system.TestVisibilityModeEffects" name="test_publisher_analytics_respects_visibility" time="0.047" /><testcase classname="tests.test_visibility_system.TestVisibilityModeEffects" name="test_journal_analytics_respects_visibility" time="0.122" /></testsuite></testsuites>